<?xml version="1.0" encoding="UTF-8"?>
<!-- Generated by org.testng.reporters.JUnitReportReporter -->
<testsuite hostname="LAPTOP-4RNIP2UL" failures="0" tests="3" name="learningTestNG.DescriptionFlag" time="0.012" errors="0" timestamp="12 Mar 2024 13:51:50 GMT" skipped="0">
  <testcase classname="learningTestNG.DescriptionFlag" name="login" time="0.008"/>
  <testcase classname="learningTestNG.DescriptionFlag" name="AddToCart" time="0.001"/>
  <testcase classname="learningTestNG.DescriptionFlag" name="logout" time="0.003"/>
</testsuite> <!-- learningTestNG.DescriptionFlag -->
