<?xml version="1.0" encoding="UTF-8"?>
<!-- Generated by org.testng.reporters.JUnitReportReporter -->
<testsuite hostname="LAPTOP-4RNIP2UL" failures="0" tests="3" name="learningTestNG.EnabledFlag" time="0.010" errors="0" timestamp="12 Mar 2024 13:57:13 GMT" skipped="1">
  <testcase classname="learningTestNG.EnabledFlag" name="login" time="0.008"/>
  <testcase classname="learningTestNG.EnabledFlag" name="logout" time="0.002"/>
  <testcase classname="learningTestNG.EnabledFlag" name="AddToCart">
    <skipped/>
  </testcase> <!-- AddToCart -->
</testsuite> <!-- learningTestNG.EnabledFlag -->
