<?xml version="1.0" encoding="UTF-8"?>
<!-- Generated by org.testng.reporters.JUnitReportReporter -->
<testsuite hostname="LAPTOP-4RNIP2UL" failures="0" tests="7" name="learningTestNG.InvocationFlag" time="0.019" errors="0" timestamp="12 Mar 2024 14:03:18 GMT" skipped="0">
  <testcase classname="learningTestNG.InvocationFlag" name="login" time="0.011"/>
  <testcase classname="learningTestNG.InvocationFlag" name="AddToCart" time="0.001"/>
  <testcase classname="learningTestNG.InvocationFlag" name="AddToCart" time="0.001"/>
  <testcase classname="learningTestNG.InvocationFlag" name="AddToCart" time="0.001"/>
  <testcase classname="learningTestNG.InvocationFlag" name="AddToCart" time="0.001"/>
  <testcase classname="learningTestNG.InvocationFlag" name="AddToCart" time="0.002"/>
  <testcase classname="learningTestNG.InvocationFlag" name="logout" time="0.002"/>
</testsuite> <!-- learningTestNG.InvocationFlag -->
