<?xml version="1.0" encoding="UTF-8"?>
<!-- Generated by org.testng.reporters.JUnitReportReporter -->
<testsuite hostname="LAPTOP-4RNIP2UL" failures="0" tests="1" name="learningTestNG.DataProviderByExcel" time="0.000" errors="0" timestamp="16 Mar 2024 03:50:00 GMT" skipped="1">
  <testcase classname="learningTestNG.DataProviderByExcel" name="invalidLogin" time="0.000">
    <skipped/>
  </testcase> <!-- invalidLogin -->
</testsuite> <!-- learningTestNG.DataProviderByExcel -->
