<?xml version="1.0" encoding="UTF-8"?>
<!-- Generated by org.testng.reporters.JUnitReportReporter -->
<testsuite hostname="LAPTOP-4RNIP2UL" failures="0" tests="3" name="learningTestNG.FirstTestNGClass" time="0.012" errors="0" timestamp="14 Mar 2024 13:21:27 GMT" skipped="0">
  <testcase classname="learningTestNG.FirstTestNGClass" name="login" time="0.009"/>
  <testcase classname="learningTestNG.FirstTestNGClass" name="AddToCart" time="0.002"/>
  <testcase classname="learningTestNG.FirstTestNGClass" name="logout" time="0.001"/>
</testsuite> <!-- learningTestNG.FirstTestNGClass -->
