<?xml version="1.0" encoding="UTF-8"?>
<!-- Generated by org.testng.reporters.JUnitReportReporter -->
<testsuite hostname="LAPTOP-4RNIP2UL" failures="0" tests="3" name="learningTestNG.PriorityFlag" time="0.011" errors="0" timestamp="12 Mar 2024 13:38:47 GMT" skipped="0">
  <testcase classname="learningTestNG.PriorityFlag" name="login" time="0.007"/>
  <testcase classname="learningTestNG.PriorityFlag" name="addToCart" time="0.003"/>
  <testcase classname="learningTestNG.PriorityFlag" name="logout" time="0.001"/>
</testsuite> <!-- learningTestNG.PriorityFlag -->
