<?xml version="1.0" encoding="UTF-8"?>
<!-- Generated by org.testng.reporters.JUnitReportReporter -->
<testsuite hostname="LAPTOP-4RNIP2UL" failures="0" tests="2" name="testNGExecution.Parameterization" time="15.224" errors="0" timestamp="15 Mar 2024 13:41:22 GMT" skipped="0">
  <testcase classname="testNGExecution.Parameterization" name="validLogin" time="6.407"/>
  <testcase classname="testNGExecution.Parameterization" name="validLogin" time="8.817"/>
</testsuite> <!-- testNGExecution.Parameterization -->
