<?xml version="1.0" encoding="UTF-8"?>
<!-- Generated by org.testng.reporters.JUnitReportReporter -->
<testsuite hostname="LAPTOP-4RNIP2UL" failures="0" tests="1" name="testNGExecution.Remo" time="9.268" errors="0" timestamp="15 Mar 2024 13:45:49 GMT" skipped="0">
  <testcase classname="testNGExecution.Remo" name="remo" time="9.268"/>
</testsuite> <!-- testNGExecution.Remo -->
